c:\users\mark-\documents\comp477-f19-06\assignment2\src\p3\debug\vc142.pdb
c:\users\mark-\documents\comp477-f19-06\assignment2\src\p3\debug\vc142.idb
c:\users\mark-\documents\comp477-f19-06\assignment2\src\p3\debug\particle.obj
c:\users\mark-\documents\comp477-f19-06\assignment2\src\p3\debug\object.obj
c:\users\mark-\documents\comp477-f19-06\assignment2\src\p3\debug\main.obj
c:\users\mark-\documents\comp477-f19-06\assignment2\src\p3\debug\camera.obj
c:\users\mark-\documents\comp477-f19-06\assignment2\src\p3\debug\vc141.pdb
c:\users\mark-\documents\comp477-f19-06\assignment2\src\p3\debug\vc141.idb
c:\users\mark-\documents\comp477-f19-06\assignment2\src\p3\debug\base-code.exe
c:\users\mark-\documents\comp477-f19-06\assignment2\src\p3\debug\base-code.ilk
c:\users\mark-\documents\comp477-f19-06\assignment2\src\p3\debug\base-code.pdb
d:\repositories\comp477-f19-06\src\debug\base-code.ilk
d:\repositories\comp477-f19-06\src\debug\vc142.idb
d:\repositories\comp477-f19-06\src\debug\base-code.pdb
d:\repositories\comp477-f19-06\src\debug\vc142.pdb
d:\repositories\comp477-f19-06\src\debug\base-code.exe
d:\repositories\comp477-f19-06\src\debug\base-code.tlog\cl.command.1.tlog
d:\repositories\comp477-f19-06\src\debug\base-code.tlog\cl.read.1.tlog
d:\repositories\comp477-f19-06\src\debug\base-code.tlog\cl.write.1.tlog
d:\repositories\comp477-f19-06\src\debug\base-code.tlog\link.command.1.tlog
d:\repositories\comp477-f19-06\src\debug\base-code.tlog\link.read.1.tlog
d:\repositories\comp477-f19-06\src\debug\base-code.tlog\link.write.1.tlog
