d:\repositories\comp477-f19-06\src\x64\release\base-code.ipdb
d:\repositories\comp477-f19-06\src\x64\release\base-code.iobj
d:\repositories\comp477-f19-06\src\x64\release\vc141.pdb
d:\repositories\comp477-f19-06\src\x64\release\particle_generator.obj
d:\repositories\comp477-f19-06\src\x64\release\main.obj
d:\repositories\comp477-f19-06\src\x64\release\texture.obj
d:\repositories\comp477-f19-06\src\x64\release\shader.obj
d:\repositories\comp477-f19-06\src\x64\release\particle.obj
d:\repositories\comp477-f19-06\src\x64\release\object.obj
d:\repositories\comp477-f19-06\src\x64\release\game_object.obj
d:\repositories\comp477-f19-06\src\x64\release\camera.obj
d:\repositories\comp477-f19-06\src\x64\release\glad.obj
d:\repositories\comp477-f19-06\src\x64\release\resource_manager.obj
d:\repositories\comp477-f19-06\src\x64\release\base-code.exe
d:\repositories\comp477-f19-06\src\x64\release\base-code.pdb
d:\repositories\comp477-f19-06\src\x64\release\base-code.tlog\base-code.write.1u.tlog
d:\repositories\comp477-f19-06\src\x64\release\base-code.tlog\cl.command.1.tlog
d:\repositories\comp477-f19-06\src\x64\release\base-code.tlog\cl.read.1.tlog
d:\repositories\comp477-f19-06\src\x64\release\base-code.tlog\cl.write.1.tlog
d:\repositories\comp477-f19-06\src\x64\release\base-code.tlog\link.command.1.tlog
d:\repositories\comp477-f19-06\src\x64\release\base-code.tlog\link.read.1.tlog
d:\repositories\comp477-f19-06\src\x64\release\base-code.tlog\link.write.1.tlog
