d:\1school\comp477\final project\comp477-f19-06\src\project\x64\debug\vc141.pdb
d:\1school\comp477\final project\comp477-f19-06\src\project\x64\debug\vc141.idb
d:\1school\comp477\final project\comp477-f19-06\src\project\x64\debug\ignitionpoint.obj
d:\1school\comp477\final project\comp477-f19-06\src\project\x64\debug\particle.obj
d:\1school\comp477\final project\comp477-f19-06\src\project\x64\debug\gameobject.obj
d:\1school\comp477\final project\comp477-f19-06\src\project\x64\debug\main.obj
d:\1school\comp477\final project\comp477-f19-06\src\project\x64\debug\fire.obj
d:\1school\comp477\final project\comp477-f19-06\src\project\x64\debug\camera.obj
d:\1school\comp477\final project\comp477-f19-06\src\project\x64\debug\burngrid.obj
d:\1school\comp477\final project\comp477-f19-06\src\project\x64\debug\cube.obj
d:\1school\comp477\final project\comp477-f19-06\src\project\x64\debug\base-code.exe
d:\1school\comp477\final project\comp477-f19-06\src\project\x64\debug\base-code.ilk
d:\1school\comp477\final project\comp477-f19-06\src\project\x64\debug\base-code.pdb
d:\1school\comp477\final project\comp477-f19-06\src\project\x64\debug\fibre.obj
d:\1school\comp477\final project\comp477-f19-06\src\project\x64\debug\fire.obj.enc
d:\1school\comp477\final project\comp477-f19-06\src\project\x64\debug\base-code.tlog\cl.command.1.tlog
d:\1school\comp477\final project\comp477-f19-06\src\project\x64\debug\base-code.tlog\cl.read.1.tlog
d:\1school\comp477\final project\comp477-f19-06\src\project\x64\debug\base-code.tlog\cl.write.1.tlog
d:\1school\comp477\final project\comp477-f19-06\src\project\x64\debug\base-code.tlog\link.command.1.tlog
d:\1school\comp477\final project\comp477-f19-06\src\project\x64\debug\base-code.tlog\link.read.1.tlog
d:\1school\comp477\final project\comp477-f19-06\src\project\x64\debug\base-code.tlog\link.write.1.tlog
